Script started at Sun Jul 13 09:06:36 ADT 2025
Summaries will be saved to attention-economy.txt, attention-economy-01memory.txt, and attention-economy-02memory.txt
Processing How The Attention Economy is Devouring Gen Z _ The Ezra Klein Show.txt
Temporary directory created: /mnt/c/Users/nateg/OneDrive/Documentos/GitHub/antivenom/opinion/tmp_HowTheAttentionEconomyisDevouringGenZ_TheEzraKleinShow.txt_4S3qWw
File split into chunks: /mnt/c/Users/nateg/OneDrive/Documentos/GitHub/antivenom/opinion/tmp_HowTheAttentionEconomyisDevouringGenZ_TheEzraKleinShow.txt_4S3qWw/chunk_aa
/mnt/c/Users/nateg/OneDrive/Documentos/GitHub/antivenom/opinion/tmp_HowTheAttentionEconomyisDevouringGenZ_TheEzraKleinShow.txt_4S3qWw/chunk_ab
/mnt/c/Users/nateg/OneDrive/Documentos/GitHub/antivenom/opinion/tmp_HowTheAttentionEconomyisDevouringGenZ_TheEzraKleinShow.txt_4S3qWw/chunk_ac
/mnt/c/Users/nateg/OneDrive/Documentos/GitHub/antivenom/opinion/tmp_HowTheAttentionEconomyisDevouringGenZ_TheEzraKleinShow.txt_4S3qWw/chunk_ad
/mnt/c/Users/nateg/OneDrive/Documentos/GitHub/antivenom/opinion/tmp_HowTheAttentionEconomyisDevouringGenZ_TheEzraKleinShow.txt_4S3qWw/chunk_ae
/mnt/c/Users/nateg/OneDrive/Documentos/GitHub/antivenom/opinion/tmp_HowTheAttentionEconomyisDevouringGenZ_TheEzraKleinShow.txt_4S3qWw/chunk_af
/mnt/c/Users/nateg/OneDrive/Documentos/GitHub/antivenom/opinion/tmp_HowTheAttentionEconomyisDevouringGenZ_TheEzraKleinShow.txt_4S3qWw/chunk_ag
/mnt/c/Users/nateg/OneDrive/Documentos/GitHub/antivenom/opinion/tmp_HowTheAttentionEconomyisDevouringGenZ_TheEzraKleinShow.txt_4S3qWw/chunk_ah
/mnt/c/Users/nateg/OneDrive/Documentos/GitHub/antivenom/opinion/tmp_HowTheAttentionEconomyisDevouringGenZ_TheEzraKleinShow.txt_4S3qWw/chunk_ai
/mnt/c/Users/nateg/OneDrive/Documentos/GitHub/antivenom/opinion/tmp_HowTheAttentionEconomyisDevouringGenZ_TheEzraKleinShow.txt_4S3qWw/chunk_aj
/mnt/c/Users/nateg/OneDrive/Documentos/GitHub/antivenom/opinion/tmp_HowTheAttentionEconomyisDevouringGenZ_TheEzraKleinShow.txt_4S3qWw/chunk_ak
/mnt/c/Users/nateg/OneDrive/Documentos/GitHub/antivenom/opinion/tmp_HowTheAttentionEconomyisDevouringGenZ_TheEzraKleinShow.txt_4S3qWw/chunk_al
/mnt/c/Users/nateg/OneDrive/Documentos/GitHub/antivenom/opinion/tmp_HowTheAttentionEconomyisDevouringGenZ_TheEzraKleinShow.txt_4S3qWw/chunk_am
/mnt/c/Users/nateg/OneDrive/Documentos/GitHub/antivenom/opinion/tmp_HowTheAttentionEconomyisDevouringGenZ_TheEzraKleinShow.txt_4S3qWw/chunk_an
/mnt/c/Users/nateg/OneDrive/Documentos/GitHub/antivenom/opinion/tmp_HowTheAttentionEconomyisDevouringGenZ_TheEzraKleinShow.txt_4S3qWw/chunk_ao
/mnt/c/Users/nateg/OneDrive/Documentos/GitHub/antivenom/opinion/tmp_HowTheAttentionEconomyisDevouringGenZ_TheEzraKleinShow.txt_4S3qWw/chunk_ap
/mnt/c/Users/nateg/OneDrive/Documentos/GitHub/antivenom/opinion/tmp_HowTheAttentionEconomyisDevouringGenZ_TheEzraKleinShow.txt_4S3qWw/chunk_aq
/mnt/c/Users/nateg/OneDrive/Documentos/GitHub/antivenom/opinion/tmp_HowTheAttentionEconomyisDevouringGenZ_TheEzraKleinShow.txt_4S3qWw/chunk_ar
Temporary directory /mnt/c/Users/nateg/OneDrive/Documentos/GitHub/antivenom/opinion/tmp_HowTheAttentionEconomyisDevouringGenZ_TheEzraKleinShow.txt_4S3qWw removed
How The Attention Economy is Devouring Gen Z _ The Ezra Klein Show.txt
