\BOOKMARK [1][-]{section.1}{\376\377\000A\000\040\000S\000p\000o\000o\000n\000f\000u\000l\000\040\000o\000f\000\040\000P\000o\000i\000s\000o\000n}{}% 1
\BOOKMARK [2][-]{subsection.1.1}{\376\377\000R\000e\000l\000i\000g\000i\000o\000n\000:\000\040\000S\000h\000e\000l\000t\000e\000r\000\040\000a\000n\000d\000\040\000D\000o\000g\000m\000a}{section.1}% 2
\BOOKMARK [2][-]{subsection.1.2}{\376\377\000A\000c\000a\000d\000e\000m\000i\000a\000:\000\040\000R\000i\000g\000o\000r\000\040\000a\000n\000d\000\040\000B\000u\000r\000n\000o\000u\000t}{section.1}% 3
\BOOKMARK [2][-]{subsection.1.3}{\376\377\000I\000n\000d\000u\000s\000t\000r\000y\000\040\000a\000n\000d\000\040\000L\000a\000b\000o\000r\000:\000\040\000E\000x\000p\000l\000o\000i\000t\000a\000t\000i\000o\000n\000\040\000a\000n\000d\000\040\000S\000u\000r\000v\000i\000v\000a\000l}{section.1}% 4
\BOOKMARK [2][-]{subsection.1.4}{\376\377\000M\000i\000l\000i\000t\000a\000r\000y\000\040\000S\000e\000r\000v\000i\000c\000e\000:\000\040\000T\000r\000a\000u\000m\000a\000\040\000a\000n\000d\000\040\000T\000r\000a\000n\000s\000f\000o\000r\000m\000a\000t\000i\000o\000n}{section.1}% 5
\BOOKMARK [2][-]{subsection.1.5}{\376\377\000R\000S\000V\000P\000\040\000I\000n\000t\000e\000r\000p\000r\000e\000t\000a\000t\000i\000o\000n}{section.1}% 6
\BOOKMARK [1][-]{section.2}{\376\377\000P\000r\000u\000n\000i\000n\000g\000\040\000f\000o\000r\000\040\000M\000e\000s\000s\000i\000a\000h\000s}{}% 7
\BOOKMARK [2][-]{subsection.2.1}{\376\377\000T\000h\000e\000\040\000W\000o\000o\000d\000p\000e\000c\000k\000e\000r\000\040\000C\000a\000l\000l}{section.2}% 8
\BOOKMARK [2][-]{subsection.2.2}{\376\377\000N\000e\000o\000t\000e\000n\000y\000\040\000a\000n\000d\000\040\000M\000a\000l\000a\000d\000a\000p\000t\000a\000t\000i\000o\000n}{section.2}% 9
\BOOKMARK [2][-]{subsection.2.3}{\376\377\000E\000x\000e\000m\000p\000l\000a\000r\000y\000\040\000F\000i\000g\000u\000r\000e\000s}{section.2}% 10
\BOOKMARK [2][-]{subsection.2.4}{\376\377\000R\000S\000V\000P\000\040\000I\000n\000t\000e\000r\000p\000r\000e\000t\000a\000t\000i\000o\000n}{section.2}% 11
\BOOKMARK [1][-]{section.3}{\376\377\000T\000h\000e\000\040\000T\000r\000o\000l\000l\000\040\000u\000n\000d\000e\000r\000\040\000t\000h\000e\000\040\000B\000r\000i\000d\000g\000e}{}% 12
\BOOKMARK [2][-]{subsection.3.1}{\376\377\000T\000h\000e\000\040\000F\000u\000n\000c\000t\000i\000o\000n\000\040\000o\000f\000\040\000t\000h\000e\000\040\000T\000r\000o\000l\000l}{section.3}% 13
\BOOKMARK [2][-]{subsection.3.2}{\376\377\000M\000o\000d\000e\000r\000n\000\040\000T\000r\000o\000l\000l\000s}{section.3}% 14
\BOOKMARK [2][-]{subsection.3.3}{\376\377\000R\000S\000V\000P\000\040\000I\000n\000t\000e\000r\000p\000r\000e\000t\000a\000t\000i\000o\000n}{section.3}% 15
\BOOKMARK [1][-]{section.4}{\376\377\000T\000h\000e\000\040\000R\000a\000n\000d\000i\000a\000n\000\040\000B\000l\000i\000n\000d\000\040\000S\000p\000o\000t}{}% 16
\BOOKMARK [2][-]{subsection.4.1}{\376\377\000R\000S\000V\000P\000\040\000I\000n\000t\000e\000r\000p\000r\000e\000t\000a\000t\000i\000o\000n}{section.4}% 17
\BOOKMARK [1][-]{section.5}{\376\377\000N\000e\000w\000\040\000C\000r\000o\000s\000s\000i\000n\000g\000s\000:\000\040\000A\000\040\000M\000a\000n\000i\000f\000e\000s\000t\000o}{}% 18
\BOOKMARK [2][-]{subsection.5.1}{\376\377\000R\000S\000V\000P\000\040\000I\000n\000t\000e\000r\000p\000r\000e\000t\000a\000t\000i\000o\000n}{section.5}% 19
\BOOKMARK [1][-]{section.6}{\376\377\000C\000o\000n\000c\000l\000u\000s\000i\000o\000n\000:\000\040\000C\000r\000o\000s\000s\000i\000n\000g\000\040\000W\000i\000t\000h\000o\000u\000t\000\040\000F\000e\000e\000d\000i\000n\000g}{}% 20
