\BOOKMARK [1][-]{section.1}{\376\377\000I\000n\000t\000r\000o\000d\000u\000c\000t\000i\000o\000n}{}% 1
\BOOKMARK [1][-]{section.2}{\376\377\000R\000e\000l\000a\000t\000e\000d\000\040\000W\000o\000r\000k}{}% 2
\BOOKMARK [1][-]{section.3}{\376\377\000V\000a\000l\000u\000e\000\040\000a\000s\000\040\000E\000n\000t\000r\000o\000p\000y\000-\000R\000e\000d\000u\000c\000i\000n\000g\000\040\000W\000o\000r\000k}{}% 3
\BOOKMARK [1][-]{section.4}{\376\377\000B\000l\000o\000c\000k\000c\000h\000a\000i\000n\000\040\000a\000s\000\040\000N\000e\000g\000a\000t\000i\000v\000e\000-\000V\000a\000l\000u\000e\000\040\000C\000o\000m\000p\000u\000t\000a\000t\000i\000o\000n}{}% 4
\BOOKMARK [1][-]{section.5}{\376\377\000I\000l\000l\000u\000s\000i\000o\000n\000\040\000o\000f\000\040\000D\000e\000c\000e\000n\000t\000r\000a\000l\000i\000z\000a\000t\000i\000o\000n\000\040\000a\000n\000d\000\040\000S\000i\000m\000u\000l\000a\000t\000e\000d\000\040\000A\000g\000e\000n\000c\000y}{}% 5
\BOOKMARK [1][-]{section.6}{\376\377\000C\000o\000h\000o\000m\000o\000l\000o\000g\000i\000c\000a\000l\000\040\000O\000b\000s\000t\000r\000u\000c\000t\000i\000o\000n\000s\000\040\000t\000o\000\040\000S\000e\000m\000a\000n\000t\000i\000c\000\040\000C\000o\000h\000e\000r\000e\000n\000c\000e}{}% 6
\BOOKMARK [1][-]{section.7}{\376\377\000G\000e\000n\000e\000r\000a\000t\000i\000v\000e\000\040\000M\000i\000s\000m\000a\000t\000c\000h\000\040\000a\000n\000d\000\040\000F\000l\000o\000w\000-\000M\000a\000p\000\040\000D\000i\000s\000t\000i\000l\000l\000a\000t\000i\000o\000n}{}% 7
\BOOKMARK [1][-]{section.8}{\376\377\000S\000e\000m\000a\000n\000t\000i\000c\000\040\000I\000n\000f\000r\000a\000s\000t\000r\000u\000c\000t\000u\000r\000e\000\040\000a\000n\000d\000\040\000C\000a\000t\000e\000g\000o\000r\000i\000c\000a\000l\000\040\000C\000o\000h\000e\000r\000e\000n\000c\000e}{}% 8
\BOOKMARK [1][-]{section.9}{\376\377\000I\000n\000t\000e\000g\000r\000a\000t\000i\000o\000n\000\040\000w\000i\000t\000h\000\040\000D\000i\000s\000t\000r\000i\000b\000u\000t\000e\000d\000\040\000C\000o\000n\000t\000r\000o\000l\000\040\000a\000n\000d\000\040\000C\000L\000I\000O}{}% 9
\BOOKMARK [1][-]{section.10}{\376\377\000O\000p\000p\000o\000r\000t\000u\000n\000i\000t\000y\000\040\000C\000o\000s\000t\000\040\000a\000n\000d\000\040\000C\000i\000v\000i\000l\000i\000z\000a\000t\000i\000o\000n\000a\000l\000\040\000R\000i\000s\000k}{}% 10
\BOOKMARK [1][-]{section.11}{\376\377\000C\000o\000n\000c\000l\000u\000s\000i\000o\000n}{}% 11
\BOOKMARK [1][-]{section.12}{\376\377\000B\000r\000o\000a\000d\000e\000r\000\040\000I\000m\000p\000l\000i\000c\000a\000t\000i\000o\000n\000s}{}% 12
\BOOKMARK [1][-]{section.13}{\376\377\000P\000o\000l\000i\000c\000y\000\040\000R\000e\000c\000o\000m\000m\000e\000n\000d\000a\000t\000i\000o\000n\000s}{}% 13
\BOOKMARK [1][-]{section.14}{\376\377\000F\000u\000t\000u\000r\000e\000\040\000W\000o\000r\000k}{}% 14
\BOOKMARK [1][-]{section.15}{\376\377\000L\000i\000m\000i\000t\000a\000t\000i\000o\000n\000s}{}% 15
\BOOKMARK [1][-]{section*.24}{\376\377\000A\000p\000p\000e\000n\000d\000i\000x\000\040\000A\000:\000\040\000T\000h\000e\000r\000m\000o\000d\000y\000n\000a\000m\000i\000c\000\040\000F\000o\000u\000n\000d\000a\000t\000i\000o\000n\000s\000\040\000o\000f\000\040\000t\000h\000e\000\040\000V\000a\000l\000u\000e\000\040\000F\000u\000n\000c\000t\000i\000o\000n\000a\000l}{}% 16
\BOOKMARK [1][-]{section*.28}{\376\377\000A\000p\000p\000e\000n\000d\000i\000x\000\040\000B\000:\000\040\000C\000o\000h\000o\000m\000o\000l\000o\000g\000i\000c\000a\000l\000\040\000O\000b\000s\000t\000r\000u\000c\000t\000i\000o\000n\000s}{}% 17
\BOOKMARK [1][-]{section*.32}{\376\377\000A\000p\000p\000e\000n\000d\000i\000x\000\040\000C\000:\000\040\000T\000e\000a\000c\000h\000e\000r\040\023\000D\000a\000t\000a\000\040\000M\000i\000s\000m\000a\000t\000c\000h}{}% 18
\BOOKMARK [1][-]{section*.35}{\376\377\000A\000p\000p\000e\000n\000d\000i\000x\000\040\000D\000:\000\040\000S\000i\000m\000u\000l\000a\000t\000e\000d\000\040\000A\000g\000e\000n\000c\000y}{}% 19
\BOOKMARK [1][-]{section*.39}{\376\377\000A\000p\000p\000e\000n\000d\000i\000x\000\040\000E\000:\000\040\000C\000a\000t\000e\000g\000o\000r\000i\000c\000a\000l\000\040\000N\000o\000-\000G\000o\000\040\000T\000h\000e\000o\000r\000e\000m}{}% 20
\BOOKMARK [1][-]{section*.43}{\376\377\000A\000p\000p\000e\000n\000d\000i\000x\000\040\000F\000:\000\040\000D\000i\000s\000t\000r\000i\000b\000u\000t\000e\000d\000-\000C\000o\000n\000t\000r\000o\000l\000\040\000I\000n\000e\000f\000f\000i\000c\000i\000e\000n\000c\000y}{}% 21
\BOOKMARK [1][-]{section*.47}{\376\377\000A\000p\000p\000e\000n\000d\000i\000x\000\040\000G\000:\000\040\000D\000i\000s\000s\000i\000p\000a\000t\000i\000v\000e\000\040\000D\000y\000n\000a\000m\000i\000c\000s}{}% 22
\BOOKMARK [1][-]{section*.51}{\376\377\000A\000p\000p\000e\000n\000d\000i\000x\000\040\000H\000:\000\040\000S\000h\000e\000a\000f\000\040\000N\000o\000-\000G\000o\000\040\000f\000o\000r\000\040\000I\000d\000e\000n\000t\000i\000t\000y}{}% 23
\BOOKMARK [1][-]{section*.56}{\376\377\000A\000p\000p\000e\000n\000d\000i\000x\000\040\000I\000:\000\040\000V\000a\000r\000i\000a\000t\000i\000o\000n\000a\000l\000\040\000D\000e\000r\000i\000v\000a\000t\000i\000o\000n}{}% 24
\BOOKMARK [1][-]{section*.60}{\376\377\000A\000p\000p\000e\000n\000d\000i\000x\000\040\000J\000:\000\040\000T\000o\000k\000e\000n\000\040\000E\000c\000o\000n\000o\000m\000i\000e\000s\000\040\000a\000n\000d\000\040\000M\000a\000r\000k\000e\000t\000\040\000C\000l\000e\000a\000r\000i\000n\000g}{}% 25
\BOOKMARK [1][-]{section*.64}{\376\377\000A\000p\000p\000e\000n\000d\000i\000x\000\040\000K\000:\000\040\000E\000p\000i\000s\000t\000e\000m\000i\000c\000\040\000F\000a\000i\000l\000u\000r\000e}{}% 26
\BOOKMARK [1][-]{section*.69}{\376\377\000A\000p\000p\000e\000n\000d\000i\000x\000\040\000L\000:\000\040\000S\000e\000m\000a\000n\000t\000i\000c\000\040\000V\000e\000r\000i\000f\000i\000c\000a\000t\000i\000o\000n\000\040\000C\000o\000m\000p\000l\000e\000x\000i\000t\000y}{}% 27
\BOOKMARK [1][-]{section*.73}{\376\377\000A\000p\000p\000e\000n\000d\000i\000x\000\040\000M\000:\000\040\000B\000u\000b\000b\000l\000e\000\040\000D\000y\000n\000a\000m\000i\000c\000s}{}% 28
\BOOKMARK [1][-]{section*.78}{\376\377\000A\000p\000p\000e\000n\000d\000i\000x\000\040\000N\000:\000\040\000S\000e\000m\000a\000n\000t\000i\000c\000\040\000I\000n\000f\000o\000r\000m\000a\000t\000i\000o\000n\000\040\000G\000e\000o\000m\000e\000t\000r\000y}{}% 29
